#
# A fatal error has been detected by the Java Runtime Environment:
#
#  EXCEPTION_ACCESS_VIOLATION (0xc0000005) at pc=0x000000007110b5db, pid=20468, tid=20316
#
# JRE version: Java(TM) SE Runtime Environment (17.0.12+8) (build 17.0.12+8-LTS-286)
# Java VM: Java HotSpot(TM) 64-Bit Server VM (17.0.12+8-LTS-286, mixed mode, sharing, tiered, compressed oops, compressed class ptrs, g1 gc, windows-amd64)
# Problematic frame:
# C  [jSSC-2.8_x86_64.dll+0xb5db]
#
# No core dump will be written. Minidumps are not enabled by default on client versions of Windows
#
# If you would like to submit a bug report, please visit:
#   https://bugreport.java.com/bugreport/crash.jsp
# The crash happened outside the Java Virtual Machine in native code.
# See problematic frame for where to report the bug.
#

---------------  S U M M A R Y ------------

Command Line: SmartWasteDisposalSystem.jar

Host: Intel(R) Core(TM) i5-8250U CPU @ 1.60GHz, 8 cores, 7G,  Windows 11 , 64 bit Build 22621 (10.0.22621.4391)
Time: Tue Dec  3 12:46:02 2024 W. Europe Standard Time elapsed time: 0.314952 seconds (0d 0h 0m 0s)

---------------  T H R E A D  ---------------

Current thread (0x0000025b71d28580):  JavaThread "main" [_thread_in_native, id=20316, stack(0x0000005d2ae00000,0x0000005d2af00000)]

Stack: [0x0000005d2ae00000,0x0000005d2af00000],  sp=0x0000005d2aefe7b0,  free space=1017k
Native frames: (J=compiled Java code, j=interpreted, Vv=VM code, C=native code)
C  [jSSC-2.8_x86_64.dll+0xb5db]

Java frames: (J=compiled Java code, j=interpreted, Vv=VM code)
j  jssc.SerialNativeInterface.openPort(Ljava/lang/String;Z)J+0
j  jssc.SerialPort.openPort()Z+65
j  model.communication.SerialCommChannel.<init>(Ljava/lang/String;I)V+46
j  model.WasteDisposalImpl.<init>(Ljava/lang/String;)V+25
j  controller.DashboardController.<init>(Ljava/lang/String;)V+10
j  controller.App.main([Ljava/lang/String;)V+6
v  ~StubRoutines::call_stub
j  jdk.internal.reflect.NativeMethodAccessorImpl.invoke0(Ljava/lang/reflect/Method;Ljava/lang/Object;[Ljava/lang/Object;)Ljava/lang/Object;+0 java.base@17.0.12
j  jdk.internal.reflect.NativeMethodAccessorImpl.invoke(Ljava/lang/Object;[Ljava/lang/Object;)Ljava/lang/Object;+133 java.base@17.0.12
j  jdk.internal.reflect.DelegatingMethodAccessorImpl.invoke(Ljava/lang/Object;[Ljava/lang/Object;)Ljava/lang/Object;+6 java.base@17.0.12
j  java.lang.reflect.Method.invoke(Ljava/lang/Object;[Ljava/lang/Object;)Ljava/lang/Object;+59 java.base@17.0.12
j  org.eclipse.jdt.internal.jarinjarloader.JarRsrcLoader.main([Ljava/lang/String;)V+197
v  ~StubRoutines::call_stub

siginfo: EXCEPTION_ACCESS_VIOLATION (0xc0000005), reading address 0x000000006fd12fdb


Registers:
RAX=0x000000006fd12fdb, RBX=0x0000005d2aefe820, RCX=0x00007ff8ccbf03b4, RDX=0x0000000000000000
RSP=0x0000005d2aefe7b0, RBP=0x0000005d2aefe930, RSI=0x0000025b71d28830, RDI=0x000000000000050c
R8 =0x0000005d2aefe6a8, R9 =0x0000005d2aefe7a0, R10=0x0000000000000000, R11=0x0000000000000246
R12=0x0000005d2aefe9f0, R13=0x0000025b7f2c21c0, R14=0x0000005d2aefe8e0, R15=0x0000025b71d28580
RIP=0x000000007110b5db, EFLAGS=0x0000000000010202


Register to memory mapping:

RIP=0x000000007110b5db jSSC-2.8_x86_64.dll
RAX=0x000000006fd12fdb is an unknown value
RBX=0x0000005d2aefe820 is pointing into the stack for thread: 0x0000025b71d28580
RCX=0x00007ff8ccbf03b4 ntdll.dll
RDX=0x0 is NULL
RSP=0x0000005d2aefe7b0 is pointing into the stack for thread: 0x0000025b71d28580
RBP=0x0000005d2aefe930 is pointing into the stack for thread: 0x0000025b71d28580
RSI=0x0000025b71d28830 points into unknown readable memory: 0x00007ff834283670 | 70 36 28 34 f8 7f 00 00
RDI=0x000000000000050c is an unknown value
R8 =0x0000005d2aefe6a8 is pointing into the stack for thread: 0x0000025b71d28580
R9 =0x0000005d2aefe7a0 is pointing into the stack for thread: 0x0000025b71d28580
R10=0x0 is NULL
R11=0x0000000000000246 is an unknown value
R12=0x0000005d2aefe9f0 is pointing into the stack for thread: 0x0000025b71d28580
R13=0x0000025b7f2c21c0 points into unknown readable memory: 0x00004d00334d4f43 | 43 4f 4d 33 00 4d 00 00
R14=0x0000005d2aefe8e0 is pointing into the stack for thread: 0x0000025b71d28580
R15=0x0000025b71d28580 is a thread


Top of Stack: (sp=0x0000005d2aefe7b0)
0x0000005d2aefe7b0:   0000000000000000 0000025b7f1b5530
0x0000005d2aefe7c0:   000000007110b230 00007ff833e545ff
0x0000005d2aefe7d0:   0000025b7f31c870 0000000000000004
0x0000005d2aefe7e0:   0000025b71d28830 000000000000050c
0x0000005d2aefe7f0:   0000005d2aefe930 0000000071112590
0x0000005d2aefe800:   0000025b71d28580 0000005d2aefe8e0
0x0000005d2aefe810:   0000025b7f2c21c0 0000005d2aefe9f0
0x0000005d2aefe820:   0000025b7f2c21c0 00007ff8ccb8b001
0x0000005d2aefe830:   0000025b7f2c21b0 0000025b6fb00000
0x0000005d2aefe840:   0000005d2aefe930 0000000000000000
0x0000005d2aefe850:   0000000071113500 0000000071113be8
0x0000005d2aefe860:   0000005d2aefe890 0000000071112641
0x0000005d2aefe870:   0000005d2aefe800 0000025b71d28830
0x0000005d2aefe880:   0000000000000000 0000000000000000
0x0000005d2aefe890:   0000005d2aefe930 0000000071101595
0x0000005d2aefe8a0:   000000000000001c 0000005d00000000 

Instructions: (pc=0x000000007110b5db)
0x000000007110b4db:   48 85 c0 74 bf 44 8b 03 45 85 c0 0f 84 77 ff ff
0x000000007110b4eb:   ff eb 9f 66 90 e8 8b fe ff ff 48 89 05 0c 34 01
0x000000007110b4fb:   00 eb ad 66 90 e8 7b fe ff ff 48 89 05 fc 33 01
0x000000007110b50b:   00 eb 8b e8 8d fe ff ff c7 03 01 00 00 00 e9 6f
0x000000007110b51b:   ff ff ff 66 90 55 48 89 e5 56 53 48 83 ec 20 48
0x000000007110b52b:   8b 05 d7 33 01 00 48 8b 31 48 89 cb 48 85 c0 74
0x000000007110b53b:   56 44 8b 18 45 85 db 78 42 48 8b 05 bd 33 01 00
0x000000007110b54b:   48 85 c0 74 50 44 8b 10 45 85 d2 74 1d 48 89 f1
0x000000007110b55b:   e8 d0 fd ff ff 48 8b 13 48 8d 42 40 48 8b 48 08
0x000000007110b56b:   48 8b 6a 40 48 8b 60 10 ff e1 48 8b 05 9c 33 01
0x000000007110b57b:   00 48 85 c0 74 2d 48 89 30 eb da e8 b5 fe ff ff
0x000000007110b58b:   0f 1f 44 00 00 eb b2 e8 e9 fd ff ff 48 89 05 6a
0x000000007110b59b:   33 01 00 eb 9c e8 db fd ff ff 48 89 05 5c 33 01
0x000000007110b5ab:   00 eb a2 e8 3d fd ff ff 48 89 05 5e 33 01 00 eb
0x000000007110b5bb:   c5 0f 1f 40 00 55 57 56 53 48 83 ec 28 48 8b 05
0x000000007110b5cb:   39 33 01 00 48 89 cb 48 85 c0 0f 84 c5 00 00 00
0x000000007110b5db:   8b 38 85 ff 0f 88 ab 00 00 00 48 8b 05 1c 33 01
0x000000007110b5eb:   00 48 85 c0 0f 84 bc 00 00 00 8b 30 85 f6 74 57
0x000000007110b5fb:   48 8b 05 0e 33 01 00 48 85 c0 0f 84 e5 00 00 00
0x000000007110b60b:   8b 28 48 8b 35 10 5e 01 00 ff d6 89 c7 89 e9 ff
0x000000007110b61b:   15 f4 5e 01 00 89 f9 48 89 c5 ff 15 b9 5e 01 00
0x000000007110b62b:   48 8b 05 de 32 01 00 48 89 2b 48 85 c0 74 46 48
0x000000007110b63b:   89 da 8b 08 ff 15 d7 5e 01 00 85 c0 74 27 48 83
0x000000007110b64b:   c4 28 5b 5e 5f 5d c3 48 8b 05 bf 32 01 00 48 85
0x000000007110b65b:   c0 74 64 48 8b 10 48 89 13 48 89 18 48 83 c4 28
0x000000007110b66b:   5b 5e 5f 5d c3 48 89 f2 48 83 c4 28 5b 5e 5f 5d
0x000000007110b67b:   48 ff e2 66 90 e8 8b fc ff ff 48 89 05 84 32 01
0x000000007110b68b:   00 eb ac 66 90 e8 ab fd ff ff e9 4b ff ff ff 66
0x000000007110b69b:   0f 1f 44 00 00 e8 db fc ff ff 48 89 05 5c 32 01
0x000000007110b6ab:   00 e9 2a ff ff ff e8 ca fc ff ff 48 89 05 4b 32
0x000000007110b6bb:   01 00 e9 33 ff ff ff e8 29 fc ff ff 48 89 05 4a
0x000000007110b6cb:   32 01 00 48 8b 10 48 85 c0 48 89 13 75 8b e8 12 


Stack slot to memory mapping:
stack at sp + 0 slots: 0x0 is NULL
stack at sp + 1 slots: 0x0000025b7f1b5530 points into unknown readable memory: 0x0000025b6fa51380 | 80 13 a5 6f 5b 02 00 00
stack at sp + 2 slots: 0x000000007110b230 jSSC-2.8_x86_64.dll
stack at sp + 3 slots: 0x00007ff833e545ff jvm.dll
stack at sp + 4 slots: 0x0000025b7f31c870 points into unknown readable memory: 0x005c002e005c005c | 5c 00 5c 00 2e 00 5c 00
stack at sp + 5 slots: 0x0000000000000004 is an unknown value
stack at sp + 6 slots: 0x0000025b71d28830 points into unknown readable memory: 0x00007ff834283670 | 70 36 28 34 f8 7f 00 00
stack at sp + 7 slots: 0x000000000000050c is an unknown value


---------------  P R O C E S S  ---------------

Threads class SMR info:
_java_thread_list=0x0000025b7f151030, length=13, elements={
0x0000025b71d28580, 0x0000025b7ee7b1d0, 0x0000025b7ee7c050, 0x0000025b7ee93190,
0x0000025b7ee93b50, 0x0000025b7ee95520, 0x0000025b7ee95ee0, 0x0000025b7ee97af0,
0x0000025b7ee9c500, 0x0000025b7eea4e20, 0x0000025b7f1137a0, 0x0000025b7f11ab50,
0x0000025b7f186480
}

Java Threads: ( => current thread )
=>0x0000025b71d28580 JavaThread "main" [_thread_in_native, id=20316, stack(0x0000005d2ae00000,0x0000005d2af00000)]
  0x0000025b7ee7b1d0 JavaThread "Reference Handler" daemon [_thread_blocked, id=16328, stack(0x0000005d2b500000,0x0000005d2b600000)]
  0x0000025b7ee7c050 JavaThread "Finalizer" daemon [_thread_blocked, id=16444, stack(0x0000005d2b600000,0x0000005d2b700000)]
  0x0000025b7ee93190 JavaThread "Signal Dispatcher" daemon [_thread_blocked, id=6944, stack(0x0000005d2b700000,0x0000005d2b800000)]
  0x0000025b7ee93b50 JavaThread "Attach Listener" daemon [_thread_blocked, id=19912, stack(0x0000005d2b800000,0x0000005d2b900000)]
  0x0000025b7ee95520 JavaThread "Service Thread" daemon [_thread_blocked, id=9856, stack(0x0000005d2b900000,0x0000005d2ba00000)]
  0x0000025b7ee95ee0 JavaThread "Monitor Deflation Thread" daemon [_thread_blocked, id=19908, stack(0x0000005d2ba00000,0x0000005d2bb00000)]
  0x0000025b7ee97af0 JavaThread "C2 CompilerThread0" daemon [_thread_blocked, id=20256, stack(0x0000005d2bb00000,0x0000005d2bc00000)]
  0x0000025b7ee9c500 JavaThread "C1 CompilerThread0" daemon [_thread_blocked, id=8600, stack(0x0000005d2bc00000,0x0000005d2bd00000)]
  0x0000025b7eea4e20 JavaThread "Sweeper thread" daemon [_thread_blocked, id=4764, stack(0x0000005d2bd00000,0x0000005d2be00000)]
  0x0000025b7f1137a0 JavaThread "Notification Thread" daemon [_thread_blocked, id=19176, stack(0x0000005d2be00000,0x0000005d2bf00000)]
  0x0000025b7f11ab50 JavaThread "Common-Cleaner" daemon [_thread_blocked, id=18316, stack(0x0000005d2c000000,0x0000005d2c100000)]
  0x0000025b7f186480 JavaThread "C2 CompilerThread1" daemon [_thread_blocked, id=18284, stack(0x0000005d2c100000,0x0000005d2c200000)]

Other Threads:
  0x0000025b7ee76db0 VMThread "VM Thread" [stack: 0x0000005d2b400000,0x0000005d2b500000] [id=12788]
  0x0000025b7f118ad0 WatcherThread [stack: 0x0000005d2bf00000,0x0000005d2c000000] [id=12308]
  0x0000025b71d811d0 GCTaskThread "GC Thread#0" [stack: 0x0000005d2af00000,0x0000005d2b000000] [id=17752]
  0x0000025b71d92e30 ConcurrentGCThread "G1 Main Marker" [stack: 0x0000005d2b000000,0x0000005d2b100000] [id=16244]
  0x0000025b71d93840 ConcurrentGCThread "G1 Conc#0" [stack: 0x0000005d2b100000,0x0000005d2b200000] [id=4876]
  0x0000025b71dee690 ConcurrentGCThread "G1 Refine#0" [stack: 0x0000005d2b200000,0x0000005d2b300000] [id=18996]
  0x0000025b7ed32220 ConcurrentGCThread "G1 Service" [stack: 0x0000005d2b300000,0x0000005d2b400000] [id=17720]

Threads with active compile tasks:

VM state: not at safepoint (normal execution)

VM Mutex/Monitor currently owned by a thread: None

Heap address: 0x0000000081800000, size: 2024 MB, Compressed Oops mode: 32-bit

CDS archive(s) mapped at: [0x0000025b11000000-0x0000025b11bd0000-0x0000025b11bd0000), size 12386304, SharedBaseAddress: 0x0000025b11000000, ArchiveRelocationMode: 1.
Compressed class space mapped at: 0x0000025b12000000-0x0000025b52000000, reserved size: 1073741824
Narrow klass base: 0x0000025b11000000, Narrow klass shift: 0, Narrow klass range: 0x100000000

GC Precious Log:
 CPUs: 8 total, 8 available
 Memory: 8089M
 Large Page Support: Disabled
 NUMA Support: Disabled
 Compressed Oops: Enabled (32-bit)
 Heap Region Size: 1M
 Heap Min Capacity: 8M
 Heap Initial Capacity: 128M
 Heap Max Capacity: 2024M
 Pre-touch: Disabled
 Parallel Workers: 8
 Concurrent Workers: 2
 Concurrent Refinement Workers: 8
 Periodic GC: Disabled

Heap:
 garbage-first heap   total 131072K, used 3072K [0x0000000081800000, 0x0000000100000000)
  region size 1024K, 4 young (4096K), 0 survivors (0K)
 Metaspace       used 1803K, committed 1984K, reserved 1114112K
  class space    used 181K, committed 256K, reserved 1048576K

Heap Regions: E=young(eden), S=young(survivor), O=old, HS=humongous(starts), HC=humongous(continues), CS=collection set, F=free, OA=open archive, CA=closed archive, TAMS=top-at-mark-start (previous, next)
|   0|0x0000000081800000, 0x0000000081800000, 0x0000000081900000|  0%| F|  |TAMS 0x0000000081800000, 0x0000000081800000| Untracked 
|   1|0x0000000081900000, 0x0000000081900000, 0x0000000081a00000|  0%| F|  |TAMS 0x0000000081900000, 0x0000000081900000| Untracked 
|   2|0x0000000081a00000, 0x0000000081a00000, 0x0000000081b00000|  0%| F|  |TAMS 0x0000000081a00000, 0x0000000081a00000| Untracked 
|   3|0x0000000081b00000, 0x0000000081b00000, 0x0000000081c00000|  0%| F|  |TAMS 0x0000000081b00000, 0x0000000081b00000| Untracked 
|   4|0x0000000081c00000, 0x0000000081c00000, 0x0000000081d00000|  0%| F|  |TAMS 0x0000000081c00000, 0x0000000081c00000| Untracked 
|   5|0x0000000081d00000, 0x0000000081d00000, 0x0000000081e00000|  0%| F|  |TAMS 0x0000000081d00000, 0x0000000081d00000| Untracked 
|   6|0x0000000081e00000, 0x0000000081e00000, 0x0000000081f00000|  0%| F|  |TAMS 0x0000000081e00000, 0x0000000081e00000| Untracked 
|   7|0x0000000081f00000, 0x0000000081f00000, 0x0000000082000000|  0%| F|  |TAMS 0x0000000081f00000, 0x0000000081f00000| Untracked 
|   8|0x0000000082000000, 0x0000000082000000, 0x0000000082100000|  0%| F|  |TAMS 0x0000000082000000, 0x0000000082000000| Untracked 
|   9|0x0000000082100000, 0x0000000082100000, 0x0000000082200000|  0%| F|  |TAMS 0x0000000082100000, 0x0000000082100000| Untracked 
|  10|0x0000000082200000, 0x0000000082200000, 0x0000000082300000|  0%| F|  |TAMS 0x0000000082200000, 0x0000000082200000| Untracked 
|  11|0x0000000082300000, 0x0000000082300000, 0x0000000082400000|  0%| F|  |TAMS 0x0000000082300000, 0x0000000082300000| Untracked 
|  12|0x0000000082400000, 0x0000000082400000, 0x0000000082500000|  0%| F|  |TAMS 0x0000000082400000, 0x0000000082400000| Untracked 
|  13|0x0000000082500000, 0x0000000082500000, 0x0000000082600000|  0%| F|  |TAMS 0x0000000082500000, 0x0000000082500000| Untracked 
|  14|0x0000000082600000, 0x0000000082600000, 0x0000000082700000|  0%| F|  |TAMS 0x0000000082600000, 0x0000000082600000| Untracked 
|  15|0x0000000082700000, 0x0000000082700000, 0x0000000082800000|  0%| F|  |TAMS 0x0000000082700000, 0x0000000082700000| Untracked 
|  16|0x0000000082800000, 0x0000000082800000, 0x0000000082900000|  0%| F|  |TAMS 0x0000000082800000, 0x0000000082800000| Untracked 
|  17|0x0000000082900000, 0x0000000082900000, 0x0000000082a00000|  0%| F|  |TAMS 0x0000000082900000, 0x0000000082900000| Untracked 
|  18|0x0000000082a00000, 0x0000000082a00000, 0x0000000082b00000|  0%| F|  |TAMS 0x0000000082a00000, 0x0000000082a00000| Untracked 
|  19|0x0000000082b00000, 0x0000000082b00000, 0x0000000082c00000|  0%| F|  |TAMS 0x0000000082b00000, 0x0000000082b00000| Untracked 
|  20|0x0000000082c00000, 0x0000000082c00000, 0x0000000082d00000|  0%| F|  |TAMS 0x0000000082c00000, 0x0000000082c00000| Untracked 
|  21|0x0000000082d00000, 0x0000000082d00000, 0x0000000082e00000|  0%| F|  |TAMS 0x0000000082d00000, 0x0000000082d00000| Untracked 
|  22|0x0000000082e00000, 0x0000000082e00000, 0x0000000082f00000|  0%| F|  |TAMS 0x0000000082e00000, 0x0000000082e00000| Untracked 
|  23|0x0000000082f00000, 0x0000000082f00000, 0x0000000083000000|  0%| F|  |TAMS 0x0000000082f00000, 0x0000000082f00000| Untracked 
|  24|0x0000000083000000, 0x0000000083000000, 0x0000000083100000|  0%| F|  |TAMS 0x0000000083000000, 0x0000000083000000| Untracked 
|  25|0x0000000083100000, 0x0000000083100000, 0x0000000083200000|  0%| F|  |TAMS 0x0000000083100000, 0x0000000083100000| Untracked 
|  26|0x0000000083200000, 0x0000000083200000, 0x0000000083300000|  0%| F|  |TAMS 0x0000000083200000, 0x0000000083200000| Untracked 
|  27|0x0000000083300000, 0x0000000083300000, 0x0000000083400000|  0%| F|  |TAMS 0x0000000083300000, 0x0000000083300000| Untracked 
|  28|0x0000000083400000, 0x0000000083400000, 0x0000000083500000|  0%| F|  |TAMS 0x0000000083400000, 0x0000000083400000| Untracked 
|  29|0x0000000083500000, 0x0000000083500000, 0x0000000083600000|  0%| F|  |TAMS 0x0000000083500000, 0x0000000083500000| Untracked 
|  30|0x0000000083600000, 0x0000000083600000, 0x0000000083700000|  0%| F|  |TAMS 0x0000000083600000, 0x0000000083600000| Untracked 
|  31|0x0000000083700000, 0x0000000083700000, 0x0000000083800000|  0%| F|  |TAMS 0x0000000083700000, 0x0000000083700000| Untracked 
|  32|0x0000000083800000, 0x0000000083800000, 0x0000000083900000|  0%| F|  |TAMS 0x0000000083800000, 0x0000000083800000| Untracked 
|  33|0x0000000083900000, 0x0000000083900000, 0x0000000083a00000|  0%| F|  |TAMS 0x0000000083900000, 0x0000000083900000| Untracked 
|  34|0x0000000083a00000, 0x0000000083a00000, 0x0000000083b00000|  0%| F|  |TAMS 0x0000000083a00000, 0x0000000083a00000| Untracked 
|  35|0x0000000083b00000, 0x0000000083b00000, 0x0000000083c00000|  0%| F|  |TAMS 0x0000000083b00000, 0x0000000083b00000| Untracked 
|  36|0x0000000083c00000, 0x0000000083c00000, 0x0000000083d00000|  0%| F|  |TAMS 0x0000000083c00000, 0x0000000083c00000| Untracked 
|  37|0x0000000083d00000, 0x0000000083d00000, 0x0000000083e00000|  0%| F|  |TAMS 0x0000000083d00000, 0x0000000083d00000| Untracked 
|  38|0x0000000083e00000, 0x0000000083e00000, 0x0000000083f00000|  0%| F|  |TAMS 0x0000000083e00000, 0x0000000083e00000| Untracked 
|  39|0x0000000083f00000, 0x0000000083f00000, 0x0000000084000000|  0%| F|  |TAMS 0x0000000083f00000, 0x0000000083f00000| Untracked 
|  40|0x0000000084000000, 0x0000000084000000, 0x0000000084100000|  0%| F|  |TAMS 0x0000000084000000, 0x0000000084000000| Untracked 
|  41|0x0000000084100000, 0x0000000084100000, 0x0000000084200000|  0%| F|  |TAMS 0x0000000084100000, 0x0000000084100000| Untracked 
|  42|0x0000000084200000, 0x0000000084200000, 0x0000000084300000|  0%| F|  |TAMS 0x0000000084200000, 0x0000000084200000| Untracked 
|  43|0x0000000084300000, 0x0000000084300000, 0x0000000084400000|  0%| F|  |TAMS 0x0000000084300000, 0x0000000084300000| Untracked 
|  44|0x0000000084400000, 0x0000000084400000, 0x0000000084500000|  0%| F|  |TAMS 0x0000000084400000, 0x0000000084400000| Untracked 
|  45|0x0000000084500000, 0x0000000084500000, 0x0000000084600000|  0%| F|  |TAMS 0x0000000084500000, 0x0000000084500000| Untracked 
|  46|0x0000000084600000, 0x0000000084600000, 0x0000000084700000|  0%| F|  |TAMS 0x0000000084600000, 0x0000000084600000| Untracked 
|  47|0x0000000084700000, 0x0000000084700000, 0x0000000084800000|  0%| F|  |TAMS 0x0000000084700000, 0x0000000084700000| Untracked 
|  48|0x0000000084800000, 0x0000000084800000, 0x0000000084900000|  0%| F|  |TAMS 0x0000000084800000, 0x0000000084800000| Untracked 
|  49|0x0000000084900000, 0x0000000084900000, 0x0000000084a00000|  0%| F|  |TAMS 0x0000000084900000, 0x0000000084900000| Untracked 
|  50|0x0000000084a00000, 0x0000000084a00000, 0x0000000084b00000|  0%| F|  |TAMS 0x0000000084a00000, 0x0000000084a00000| Untracked 
|  51|0x0000000084b00000, 0x0000000084b00000, 0x0000000084c00000|  0%| F|  |TAMS 0x0000000084b00000, 0x0000000084b00000| Untracked 
|  52|0x0000000084c00000, 0x0000000084c00000, 0x0000000084d00000|  0%| F|  |TAMS 0x0000000084c00000, 0x0000000084c00000| Untracked 
|  53|0x0000000084d00000, 0x0000000084d00000, 0x0000000084e00000|  0%| F|  |TAMS 0x0000000084d00000, 0x0000000084d00000| Untracked 
|  54|0x0000000084e00000, 0x0000000084e00000, 0x0000000084f00000|  0%| F|  |TAMS 0x0000000084e00000, 0x0000000084e00000| Untracked 
|  55|0x0000000084f00000, 0x0000000084f00000, 0x0000000085000000|  0%| F|  |TAMS 0x0000000084f00000, 0x0000000084f00000| Untracked 
|  56|0x0000000085000000, 0x0000000085000000, 0x0000000085100000|  0%| F|  |TAMS 0x0000000085000000, 0x0000000085000000| Untracked 
|  57|0x0000000085100000, 0x0000000085100000, 0x0000000085200000|  0%| F|  |TAMS 0x0000000085100000, 0x0000000085100000| Untracked 
|  58|0x0000000085200000, 0x0000000085200000, 0x0000000085300000|  0%| F|  |TAMS 0x0000000085200000, 0x0000000085200000| Untracked 
|  59|0x0000000085300000, 0x0000000085300000, 0x0000000085400000|  0%| F|  |TAMS 0x0000000085300000, 0x0000000085300000| Untracked 
|  60|0x0000000085400000, 0x0000000085400000, 0x0000000085500000|  0%| F|  |TAMS 0x0000000085400000, 0x0000000085400000| Untracked 
|  61|0x0000000085500000, 0x0000000085500000, 0x0000000085600000|  0%| F|  |TAMS 0x0000000085500000, 0x0000000085500000| Untracked 
|  62|0x0000000085600000, 0x0000000085600000, 0x0000000085700000|  0%| F|  |TAMS 0x0000000085600000, 0x0000000085600000| Untracked 
|  63|0x0000000085700000, 0x0000000085700000, 0x0000000085800000|  0%| F|  |TAMS 0x0000000085700000, 0x0000000085700000| Untracked 
|  64|0x0000000085800000, 0x0000000085800000, 0x0000000085900000|  0%| F|  |TAMS 0x0000000085800000, 0x0000000085800000| Untracked 
|  65|0x0000000085900000, 0x0000000085900000, 0x0000000085a00000|  0%| F|  |TAMS 0x0000000085900000, 0x0000000085900000| Untracked 
|  66|0x0000000085a00000, 0x0000000085a00000, 0x0000000085b00000|  0%| F|  |TAMS 0x0000000085a00000, 0x0000000085a00000| Untracked 
|  67|0x0000000085b00000, 0x0000000085b00000, 0x0000000085c00000|  0%| F|  |TAMS 0x0000000085b00000, 0x0000000085b00000| Untracked 
|  68|0x0000000085c00000, 0x0000000085c00000, 0x0000000085d00000|  0%| F|  |TAMS 0x0000000085c00000, 0x0000000085c00000| Untracked 
|  69|0x0000000085d00000, 0x0000000085d00000, 0x0000000085e00000|  0%| F|  |TAMS 0x0000000085d00000, 0x0000000085d00000| Untracked 
|  70|0x0000000085e00000, 0x0000000085e00000, 0x0000000085f00000|  0%| F|  |TAMS 0x0000000085e00000, 0x0000000085e00000| Untracked 
|  71|0x0000000085f00000, 0x0000000085f00000, 0x0000000086000000|  0%| F|  |TAMS 0x0000000085f00000, 0x0000000085f00000| Untracked 
|  72|0x0000000086000000, 0x0000000086000000, 0x0000000086100000|  0%| F|  |TAMS 0x0000000086000000, 0x0000000086000000| Untracked 
|  73|0x0000000086100000, 0x0000000086100000, 0x0000000086200000|  0%| F|  |TAMS 0x0000000086100000, 0x0000000086100000| Untracked 
|  74|0x0000000086200000, 0x0000000086200000, 0x0000000086300000|  0%| F|  |TAMS 0x0000000086200000, 0x0000000086200000| Untracked 
|  75|0x0000000086300000, 0x0000000086300000, 0x0000000086400000|  0%| F|  |TAMS 0x0000000086300000, 0x0000000086300000| Untracked 
|  76|0x0000000086400000, 0x0000000086400000, 0x0000000086500000|  0%| F|  |TAMS 0x0000000086400000, 0x0000000086400000| Untracked 
|  77|0x0000000086500000, 0x0000000086500000, 0x0000000086600000|  0%| F|  |TAMS 0x0000000086500000, 0x0000000086500000| Untracked 
|  78|0x0000000086600000, 0x0000000086600000, 0x0000000086700000|  0%| F|  |TAMS 0x0000000086600000, 0x0000000086600000| Untracked 
|  79|0x0000000086700000, 0x0000000086700000, 0x0000000086800000|  0%| F|  |TAMS 0x0000000086700000, 0x0000000086700000| Untracked 
|  80|0x0000000086800000, 0x0000000086800000, 0x0000000086900000|  0%| F|  |TAMS 0x0000000086800000, 0x0000000086800000| Untracked 
|  81|0x0000000086900000, 0x0000000086900000, 0x0000000086a00000|  0%| F|  |TAMS 0x0000000086900000, 0x0000000086900000| Untracked 
|  82|0x0000000086a00000, 0x0000000086a00000, 0x0000000086b00000|  0%| F|  |TAMS 0x0000000086a00000, 0x0000000086a00000| Untracked 
|  83|0x0000000086b00000, 0x0000000086b00000, 0x0000000086c00000|  0%| F|  |TAMS 0x0000000086b00000, 0x0000000086b00000| Untracked 
|  84|0x0000000086c00000, 0x0000000086c00000, 0x0000000086d00000|  0%| F|  |TAMS 0x0000000086c00000, 0x0000000086c00000| Untracked 
|  85|0x0000000086d00000, 0x0000000086d00000, 0x0000000086e00000|  0%| F|  |TAMS 0x0000000086d00000, 0x0000000086d00000| Untracked 
|  86|0x0000000086e00000, 0x0000000086e00000, 0x0000000086f00000|  0%| F|  |TAMS 0x0000000086e00000, 0x0000000086e00000| Untracked 
|  87|0x0000000086f00000, 0x0000000086f00000, 0x0000000087000000|  0%| F|  |TAMS 0x0000000086f00000, 0x0000000086f00000| Untracked 
|  88|0x0000000087000000, 0x0000000087000000, 0x0000000087100000|  0%| F|  |TAMS 0x0000000087000000, 0x0000000087000000| Untracked 
|  89|0x0000000087100000, 0x0000000087100000, 0x0000000087200000|  0%| F|  |TAMS 0x0000000087100000, 0x0000000087100000| Untracked 
|  90|0x0000000087200000, 0x0000000087200000, 0x0000000087300000|  0%| F|  |TAMS 0x0000000087200000, 0x0000000087200000| Untracked 
|  91|0x0000000087300000, 0x0000000087300000, 0x0000000087400000|  0%| F|  |TAMS 0x0000000087300000, 0x0000000087300000| Untracked 
|  92|0x0000000087400000, 0x0000000087400000, 0x0000000087500000|  0%| F|  |TAMS 0x0000000087400000, 0x0000000087400000| Untracked 
|  93|0x0000000087500000, 0x0000000087500000, 0x0000000087600000|  0%| F|  |TAMS 0x0000000087500000, 0x0000000087500000| Untracked 
|  94|0x0000000087600000, 0x0000000087600000, 0x0000000087700000|  0%| F|  |TAMS 0x0000000087600000, 0x0000000087600000| Untracked 
|  95|0x0000000087700000, 0x0000000087700000, 0x0000000087800000|  0%| F|  |TAMS 0x0000000087700000, 0x0000000087700000| Untracked 
|  96|0x0000000087800000, 0x0000000087800000, 0x0000000087900000|  0%| F|  |TAMS 0x0000000087800000, 0x0000000087800000| Untracked 
|  97|0x0000000087900000, 0x0000000087900000, 0x0000000087a00000|  0%| F|  |TAMS 0x0000000087900000, 0x0000000087900000| Untracked 
|  98|0x0000000087a00000, 0x0000000087a00000, 0x0000000087b00000|  0%| F|  |TAMS 0x0000000087a00000, 0x0000000087a00000| Untracked 
|  99|0x0000000087b00000, 0x0000000087b00000, 0x0000000087c00000|  0%| F|  |TAMS 0x0000000087b00000, 0x0000000087b00000| Untracked 
| 100|0x0000000087c00000, 0x0000000087c00000, 0x0000000087d00000|  0%| F|  |TAMS 0x0000000087c00000, 0x0000000087c00000| Untracked 
| 101|0x0000000087d00000, 0x0000000087d00000, 0x0000000087e00000|  0%| F|  |TAMS 0x0000000087d00000, 0x0000000087d00000| Untracked 
| 102|0x0000000087e00000, 0x0000000087e00000, 0x0000000087f00000|  0%| F|  |TAMS 0x0000000087e00000, 0x0000000087e00000| Untracked 
| 103|0x0000000087f00000, 0x0000000087f00000, 0x0000000088000000|  0%| F|  |TAMS 0x0000000087f00000, 0x0000000087f00000| Untracked 
| 104|0x0000000088000000, 0x0000000088000000, 0x0000000088100000|  0%| F|  |TAMS 0x0000000088000000, 0x0000000088000000| Untracked 
| 105|0x0000000088100000, 0x0000000088100000, 0x0000000088200000|  0%| F|  |TAMS 0x0000000088100000, 0x0000000088100000| Untracked 
| 106|0x0000000088200000, 0x0000000088200000, 0x0000000088300000|  0%| F|  |TAMS 0x0000000088200000, 0x0000000088200000| Untracked 
| 107|0x0000000088300000, 0x0000000088300000, 0x0000000088400000|  0%| F|  |TAMS 0x0000000088300000, 0x0000000088300000| Untracked 
| 108|0x0000000088400000, 0x0000000088400000, 0x0000000088500000|  0%| F|  |TAMS 0x0000000088400000, 0x0000000088400000| Untracked 
| 109|0x0000000088500000, 0x0000000088500000, 0x0000000088600000|  0%| F|  |TAMS 0x0000000088500000, 0x0000000088500000| Untracked 
| 110|0x0000000088600000, 0x0000000088600000, 0x0000000088700000|  0%| F|  |TAMS 0x0000000088600000, 0x0000000088600000| Untracked 
| 111|0x0000000088700000, 0x0000000088700000, 0x0000000088800000|  0%| F|  |TAMS 0x0000000088700000, 0x0000000088700000| Untracked 
| 112|0x0000000088800000, 0x0000000088800000, 0x0000000088900000|  0%| F|  |TAMS 0x0000000088800000, 0x0000000088800000| Untracked 
| 113|0x0000000088900000, 0x0000000088900000, 0x0000000088a00000|  0%| F|  |TAMS 0x0000000088900000, 0x0000000088900000| Untracked 
| 114|0x0000000088a00000, 0x0000000088a00000, 0x0000000088b00000|  0%| F|  |TAMS 0x0000000088a00000, 0x0000000088a00000| Untracked 
| 115|0x0000000088b00000, 0x0000000088b00000, 0x0000000088c00000|  0%| F|  |TAMS 0x0000000088b00000, 0x0000000088b00000| Untracked 
| 116|0x0000000088c00000, 0x0000000088c00000, 0x0000000088d00000|  0%| F|  |TAMS 0x0000000088c00000, 0x0000000088c00000| Untracked 
| 117|0x0000000088d00000, 0x0000000088d00000, 0x0000000088e00000|  0%| F|  |TAMS 0x0000000088d00000, 0x0000000088d00000| Untracked 
| 118|0x0000000088e00000, 0x0000000088e00000, 0x0000000088f00000|  0%| F|  |TAMS 0x0000000088e00000, 0x0000000088e00000| Untracked 
| 119|0x0000000088f00000, 0x0000000088f00000, 0x0000000089000000|  0%| F|  |TAMS 0x0000000088f00000, 0x0000000088f00000| Untracked 
| 120|0x0000000089000000, 0x0000000089000000, 0x0000000089100000|  0%| F|  |TAMS 0x0000000089000000, 0x0000000089000000| Untracked 
| 121|0x0000000089100000, 0x0000000089100000, 0x0000000089200000|  0%| F|  |TAMS 0x0000000089100000, 0x0000000089100000| Untracked 
| 122|0x0000000089200000, 0x0000000089200000, 0x0000000089300000|  0%| F|  |TAMS 0x0000000089200000, 0x0000000089200000| Untracked 
| 123|0x0000000089300000, 0x0000000089300000, 0x0000000089400000|  0%| F|  |TAMS 0x0000000089300000, 0x0000000089300000| Untracked 
| 124|0x0000000089400000, 0x0000000089478438, 0x0000000089500000| 46%| E|  |TAMS 0x0000000089400000, 0x0000000089400000| Complete 
| 125|0x0000000089500000, 0x0000000089600000, 0x0000000089600000|100%| E|CS|TAMS 0x0000000089500000, 0x0000000089500000| Complete 
| 126|0x0000000089600000, 0x0000000089700000, 0x0000000089700000|100%| E|CS|TAMS 0x0000000089600000, 0x0000000089600000| Complete 
| 127|0x0000000089700000, 0x0000000089800000, 0x0000000089800000|100%| E|CS|TAMS 0x0000000089700000, 0x0000000089700000| Complete 

Card table byte_map: [0x0000025b79d20000,0x0000025b7a120000] _byte_map_base: 0x0000025b79914000

Marking Bits (Prev, Next): (CMBitMap*) 0x0000025b71d82800, (CMBitMap*) 0x0000025b71d82840
 Prev Bits: [0x0000025b7a520000, 0x0000025b7c4c0000)
 Next Bits: [0x0000025b7c4c0000, 0x0000025b7e460000)

Polling page: 0x0000025b714f0000

Metaspace:

Usage:
  Non-class:      1.58 MB used.
      Class:    181.73 KB used.
       Both:      1.76 MB used.

Virtual space:
  Non-class space:       64.00 MB reserved,       1.69 MB (  3%) committed,  1 nodes.
      Class space:        1.00 GB reserved,     256.00 KB ( <1%) committed,  1 nodes.
             Both:        1.06 GB reserved,       1.94 MB ( <1%) committed. 

Chunk freelists:
   Non-Class:  11.91 MB
       Class:  15.72 MB
        Both:  27.63 MB

MaxMetaspaceSize: unlimited
CompressedClassSpaceSize: 1.00 GB
Initial GC threshold: 21.00 MB
Current GC threshold: 21.00 MB
CDS: on
MetaspaceReclaimPolicy: balanced
 - commit_granule_bytes: 65536.
 - commit_granule_words: 8192.
 - virtual_space_node_default_size: 8388608.
 - enlarge_chunks_in_place: 1.
 - new_chunks_are_fully_committed: 0.
 - uncommit_free_chunks: 1.
 - use_allocation_guard: 0.
 - handle_deallocations: 1.


Internal statistics:

num_allocs_failed_limit: 0.
num_arena_births: 16.
num_arena_deaths: 0.
num_vsnodes_births: 2.
num_vsnodes_deaths: 0.
num_space_committed: 31.
num_space_uncommitted: 0.
num_chunks_returned_to_freelist: 0.
num_chunks_taken_from_freelist: 28.
num_chunk_merges: 0.
num_chunk_splits: 14.
num_chunks_enlarged: 9.
num_inconsistent_stats: 0.

CodeHeap 'non-profiled nmethods': size=120000Kb used=100Kb max_used=100Kb free=119899Kb
 bounds [0x0000025b07ad0000, 0x0000025b07d40000, 0x0000025b0f000000]
CodeHeap 'profiled nmethods': size=120000Kb used=580Kb max_used=580Kb free=119420Kb
 bounds [0x0000025b00000000, 0x0000025b00270000, 0x0000025b07530000]
CodeHeap 'non-nmethods': size=5760Kb used=1128Kb max_used=1153Kb free=4631Kb
 bounds [0x0000025b07530000, 0x0000025b077a0000, 0x0000025b07ad0000]
 total_blobs=805 nmethods=394 adapters=324
 compilation: enabled
              stopped_count=0, restarted_count=0
 full_count=0

Compilation events (20 events):
Event: 0.282 Thread 0x0000025b7ee9c500  382       1       java.net.URL::getRef (5 bytes)
Event: 0.282 Thread 0x0000025b7ee9c500 nmethod 382 0x0000025b07ae8810 code [0x0000025b07ae89a0, 0x0000025b07ae8a78]
Event: 0.282 Thread 0x0000025b7ee9c500  386       3       java.util.zip.ZipFile$ZipFileInflaterInputStream::fill (80 bytes)
Event: 0.282 Thread 0x0000025b7ee9c500 nmethod 386 0x0000025b0008dd10 code [0x0000025b0008dee0, 0x0000025b0008e268]
Event: 0.282 Thread 0x0000025b7ee9c500  387   !   3       java.util.zip.ZipFile$ZipFileInputStream::read (135 bytes)
Event: 0.283 Thread 0x0000025b7ee9c500 nmethod 387 0x0000025b0008e410 code [0x0000025b0008e620, 0x0000025b0008ecb8]
Event: 0.284 Thread 0x0000025b7ee9c500  388       3       java.lang.CharacterDataLatin1::toUpperCase (53 bytes)
Event: 0.284 Thread 0x0000025b7ee9c500 nmethod 388 0x0000025b0008f010 code [0x0000025b0008f1c0, 0x0000025b0008f458]
Event: 0.291 Thread 0x0000025b7ee9c500  389       3       java.lang.String::toString (2 bytes)
Event: 0.291 Thread 0x0000025b7ee9c500 nmethod 389 0x0000025b0008f590 code [0x0000025b0008f720, 0x0000025b0008f838]
Event: 0.291 Thread 0x0000025b7ee9c500  390       3       java.lang.StringLatin1::regionMatchesCI (98 bytes)
Event: 0.292 Thread 0x0000025b7ee9c500 nmethod 390 0x0000025b0008f910 code [0x0000025b0008fb40, 0x0000025b000902b8]
Event: 0.294 Thread 0x0000025b7ee9c500  391       1       java.util.jar.Attributes$Name::hashCode (5 bytes)
Event: 0.294 Thread 0x0000025b7ee9c500 nmethod 391 0x0000025b07ae8b10 code [0x0000025b07ae8ca0, 0x0000025b07ae8d78]
Event: 0.294 Thread 0x0000025b7ee9c500  392       1       java.util.ArrayList::size (5 bytes)
Event: 0.294 Thread 0x0000025b7ee9c500 nmethod 392 0x0000025b07ae8e10 code [0x0000025b07ae8fa0, 0x0000025b07ae9078]
Event: 0.294 Thread 0x0000025b7ee9c500  393   !   3       java.util.zip.Inflater::needsInput (55 bytes)
Event: 0.294 Thread 0x0000025b7ee9c500 nmethod 393 0x0000025b00090610 code [0x0000025b000907c0, 0x0000025b00090b78]
Event: 0.295 Thread 0x0000025b7ee9c500  394       3       java.util.zip.ZipFile$Source::getEntryHash (7 bytes)
Event: 0.295 Thread 0x0000025b7ee9c500 nmethod 394 0x0000025b00090c90 code [0x0000025b00090e20, 0x0000025b00090f58]

GC Heap History (0 events):
No events

Deoptimization events (0 events):
No events

Classes unloaded (0 events):
No events

Classes redefined (0 events):
No events

Internal exceptions (2 events):
Event: 0.171 Thread 0x0000025b71d28580 Exception <a 'java/lang/NoSuchMethodError'{0x000000008952a8e0}: 'java.lang.Object java.lang.invoke.DirectMethodHandle$Holder.invokeStaticInit(java.lang.Object, int, int, int, int)'> (0x000000008952a8e0) 
thrown [s\open\src\hotspot\share\interpreter\linkResolver.cpp, line 759]
Event: 0.230 Thread 0x0000025b71d28580 Exception <a 'java/lang/NoSuchMethodError'{0x00000000895ccb20}: 'java.lang.Object java.lang.invoke.DirectMethodHandle$Holder.invokeStaticInit(java.lang.Object, java.lang.Object, int, int, int, int)'> (0x00000000895ccb20) 
thrown [s\open\src\hotspot\share\interpreter\linkResolver.cpp, line 759]

VM Operations (4 events):
Event: 0.065 Executing VM operation: HandshakeAllThreads
Event: 0.066 Executing VM operation: HandshakeAllThreads done
Event: 0.186 Executing VM operation: HandshakeAllThreads
Event: 0.186 Executing VM operation: HandshakeAllThreads done

Events (20 events):
Event: 0.250 loading class jdk/internal/misc/ScopedMemoryAccess$Scope
Event: 0.250 loading class jdk/internal/misc/ScopedMemoryAccess$Scope done
Event: 0.287 Loaded shared library C:\Program Files\Java\jdk-17\bin\verify.dll
Event: 0.288 loading class java/util/concurrent/BlockingQueue
Event: 0.289 loading class java/util/concurrent/BlockingQueue done
Event: 0.289 loading class java/util/concurrent/ArrayBlockingQueue
Event: 0.289 loading class java/util/AbstractQueue
Event: 0.290 loading class java/util/AbstractQueue done
Event: 0.290 loading class java/util/concurrent/ArrayBlockingQueue done
Event: 0.290 loading class java/util/concurrent/locks/AbstractQueuedSynchronizer$ConditionObject
Event: 0.290 loading class java/util/concurrent/locks/Condition
Event: 0.290 loading class java/util/concurrent/locks/Condition done
Event: 0.290 loading class java/util/concurrent/locks/AbstractQueuedSynchronizer$ConditionObject done
Event: 0.295 loading class java/io/Reader
Event: 0.296 loading class java/io/Reader done
Event: 0.296 loading class java/io/InputStreamReader
Event: 0.296 loading class java/io/InputStreamReader done
Event: 0.299 Loaded shared library C:\Users\Michele\.jssc\windows\jSSC-2.8_x86_64.dll
Event: 0.299 loading class jdk/internal/loader/NativeLibraries$Unloader
Event: 0.300 loading class jdk/internal/loader/NativeLibraries$Unloader done


Dynamic libraries:
0x00007ff7e2f90000 - 0x00007ff7e2fa0000 	C:\Program Files\Java\jdk-17\bin\java.exe
0x00007ff8ccb50000 - 0x00007ff8ccd67000 	C:\WINDOWS\SYSTEM32\ntdll.dll
0x00007ff8cc6f0000 - 0x00007ff8cc7b4000 	C:\WINDOWS\System32\KERNEL32.DLL
0x00007ff8ca090000 - 0x00007ff8ca449000 	C:\WINDOWS\System32\KERNELBASE.dll
0x00007ff8c9f10000 - 0x00007ff8ca021000 	C:\WINDOWS\System32\ucrtbase.dll
0x00007ff8b1810000 - 0x00007ff8b182b000 	C:\Program Files\Java\jdk-17\bin\VCRUNTIME140.dll
0x00007ff8b05f0000 - 0x00007ff8b0609000 	C:\Program Files\Java\jdk-17\bin\jli.dll
0x00007ff8cc460000 - 0x00007ff8cc512000 	C:\WINDOWS\System32\ADVAPI32.dll
0x00007ff8cb180000 - 0x00007ff8cb227000 	C:\WINDOWS\System32\msvcrt.dll
0x00007ff8cac00000 - 0x00007ff8caca7000 	C:\WINDOWS\System32\sechost.dll
0x00007ff8ca060000 - 0x00007ff8ca088000 	C:\WINDOWS\System32\bcrypt.dll
0x00007ff8cb050000 - 0x00007ff8cb164000 	C:\WINDOWS\System32\RPCRT4.dll
0x00007ff8ca9d0000 - 0x00007ff8cab7e000 	C:\WINDOWS\System32\USER32.dll
0x00007ff8ca030000 - 0x00007ff8ca056000 	C:\WINDOWS\System32\win32u.dll
0x00007ff8b0b90000 - 0x00007ff8b0e22000 	C:\WINDOWS\WinSxS\amd64_microsoft.windows.common-controls_6595b64144ccf1df_6.0.22621.4391_none_2715d37f73803e96\COMCTL32.dll
0x00007ff8cc5c0000 - 0x00007ff8cc5e9000 	C:\WINDOWS\System32\GDI32.dll
0x00007ff8ca6b0000 - 0x00007ff8ca7cb000 	C:\WINDOWS\System32\gdi32full.dll
0x00007ff8ca7d0000 - 0x00007ff8ca86a000 	C:\WINDOWS\System32\msvcp_win.dll
0x00007ff8bef90000 - 0x00007ff8bef9a000 	C:\WINDOWS\SYSTEM32\VERSION.dll
0x00007ff8ccad0000 - 0x00007ff8ccb01000 	C:\WINDOWS\System32\IMM32.DLL
0x00007ff8c1d60000 - 0x00007ff8c1d6c000 	C:\Program Files\Java\jdk-17\bin\vcruntime140_1.dll
0x00007ff88a3c0000 - 0x00007ff88a44e000 	C:\Program Files\Java\jdk-17\bin\msvcp140.dll
0x00007ff8337e0000 - 0x00007ff8343c0000 	C:\Program Files\Java\jdk-17\bin\server\jvm.dll
0x00007ff8cb040000 - 0x00007ff8cb048000 	C:\WINDOWS\System32\PSAPI.DLL
0x00007ff8b4cf0000 - 0x00007ff8b4cf9000 	C:\WINDOWS\SYSTEM32\WSOCK32.dll
0x00007ff8c0f60000 - 0x00007ff8c0f94000 	C:\WINDOWS\SYSTEM32\WINMM.dll
0x00007ff8cab80000 - 0x00007ff8cabf1000 	C:\WINDOWS\System32\WS2_32.dll
0x00007ff8c8f80000 - 0x00007ff8c8f98000 	C:\WINDOWS\SYSTEM32\kernel.appcore.dll
0x00007ff8b05e0000 - 0x00007ff8b05ea000 	C:\Program Files\Java\jdk-17\bin\jimage.dll
0x00007ff8c77a0000 - 0x00007ff8c79d2000 	C:\WINDOWS\SYSTEM32\DBGHELP.DLL
0x00007ff8cacb0000 - 0x00007ff8cb03f000 	C:\WINDOWS\System32\combase.dll
0x00007ff8cb290000 - 0x00007ff8cb367000 	C:\WINDOWS\System32\OLEAUT32.dll
0x00007ff8a5540000 - 0x00007ff8a5572000 	C:\WINDOWS\SYSTEM32\dbgcore.DLL
0x00007ff8ca4c0000 - 0x00007ff8ca53b000 	C:\WINDOWS\System32\bcryptPrimitives.dll
0x00007ff88a390000 - 0x00007ff88a3b5000 	C:\Program Files\Java\jdk-17\bin\java.dll
0x00007ff88a2b0000 - 0x00007ff88a387000 	C:\Program Files\Java\jdk-17\bin\jsvml.dll
0x00007ff8cb3c0000 - 0x00007ff8cbc36000 	C:\WINDOWS\System32\SHELL32.dll
0x00007ff8c7d70000 - 0x00007ff8c8673000 	C:\WINDOWS\SYSTEM32\windows.storage.dll
0x00007ff8c7c30000 - 0x00007ff8c7d6f000 	C:\WINDOWS\SYSTEM32\wintypes.dll
0x00007ff8cc0d0000 - 0x00007ff8cc1c9000 	C:\WINDOWS\System32\SHCORE.dll
0x00007ff8cc250000 - 0x00007ff8cc2ae000 	C:\WINDOWS\System32\shlwapi.dll
0x00007ff8c9d80000 - 0x00007ff8c9dab000 	C:\WINDOWS\SYSTEM32\profapi.dll
0x00007ff8ae0e0000 - 0x00007ff8ae0f9000 	C:\Program Files\Java\jdk-17\bin\net.dll
0x00007ff8c0920000 - 0x00007ff8c0a56000 	C:\WINDOWS\SYSTEM32\WINHTTP.dll
0x00007ff8c9400000 - 0x00007ff8c9469000 	C:\WINDOWS\system32\mswsock.dll
0x00007ff88a290000 - 0x00007ff88a2a6000 	C:\Program Files\Java\jdk-17\bin\nio.dll
0x00007ff88a270000 - 0x00007ff88a288000 	C:\Program Files\Java\jdk-17\bin\zip.dll
0x00007ff8c9650000 - 0x00007ff8c966b000 	C:\WINDOWS\SYSTEM32\CRYPTSP.dll
0x00007ff8c8ee0000 - 0x00007ff8c8f15000 	C:\WINDOWS\system32\rsaenh.dll
0x00007ff8c94f0000 - 0x00007ff8c9518000 	C:\WINDOWS\SYSTEM32\USERENV.dll
0x00007ff8c9670000 - 0x00007ff8c967c000 	C:\WINDOWS\SYSTEM32\CRYPTBASE.dll
0x00007ff8c8950000 - 0x00007ff8c897d000 	C:\WINDOWS\SYSTEM32\IPHLPAPI.DLL
0x00007ff8cbc40000 - 0x00007ff8cbc49000 	C:\WINDOWS\System32\NSI.dll
0x00007ff8c11a0000 - 0x00007ff8c11b9000 	C:\WINDOWS\SYSTEM32\dhcpcsvc6.DLL
0x00007ff8c0fe0000 - 0x00007ff8c0fff000 	C:\WINDOWS\SYSTEM32\dhcpcsvc.DLL
0x00007ff8c89c0000 - 0x00007ff8c8ac2000 	C:\WINDOWS\SYSTEM32\DNSAPI.dll
0x00007ff8a65c0000 - 0x00007ff8a65d0000 	C:\Program Files\Java\jdk-17\bin\verify.dll
0x0000000071100000 - 0x0000000071125000 	C:\Users\Michele\.jssc\windows\jSSC-2.8_x86_64.dll

dbghelp: loaded successfully - version: 4.0.5 - missing functions: none
symbol engine: initialized successfully - sym options: 0x614 - pdb path: .;C:\Program Files\Java\jdk-17\bin;C:\WINDOWS\SYSTEM32;C:\WINDOWS\WinSxS\amd64_microsoft.windows.common-controls_6595b64144ccf1df_6.0.22621.4391_none_2715d37f73803e96;C:\Program Files\Java\jdk-17\bin\server;C:\Users\Michele\.jssc\windows

VM Arguments:
java_command: SmartWasteDisposalSystem.jar
java_class_path (initial): SmartWasteDisposalSystem.jar
Launcher Type: SUN_STANDARD

[Global flags]
     intx CICompilerCount                          = 4                                         {product} {ergonomic}
     uint ConcGCThreads                            = 2                                         {product} {ergonomic}
     uint G1ConcRefinementThreads                  = 8                                         {product} {ergonomic}
   size_t G1HeapRegionSize                         = 1048576                                   {product} {ergonomic}
    uintx GCDrainStackTargetSize                   = 64                                        {product} {ergonomic}
   size_t InitialHeapSize                          = 134217728                                 {product} {ergonomic}
   size_t MarkStackSize                            = 4194304                                   {product} {ergonomic}
   size_t MaxHeapSize                              = 2122317824                                {product} {ergonomic}
   size_t MaxNewSize                               = 1272971264                                {product} {ergonomic}
   size_t MinHeapDeltaBytes                        = 1048576                                   {product} {ergonomic}
   size_t MinHeapSize                              = 8388608                                   {product} {ergonomic}
    uintx NonNMethodCodeHeapSize                   = 5839372                                {pd product} {ergonomic}
    uintx NonProfiledCodeHeapSize                  = 122909434                              {pd product} {ergonomic}
    uintx ProfiledCodeHeapSize                     = 122909434                              {pd product} {ergonomic}
    uintx ReservedCodeCacheSize                    = 251658240                              {pd product} {ergonomic}
     bool SegmentedCodeCache                       = true                                      {product} {ergonomic}
   size_t SoftMaxHeapSize                          = 2122317824                             {manageable} {ergonomic}
     bool UseCompressedClassPointers               = true                           {product lp64_product} {ergonomic}
     bool UseCompressedOops                        = true                           {product lp64_product} {ergonomic}
     bool UseG1GC                                  = true                                      {product} {ergonomic}
     bool UseLargePagesIndividualAllocation        = false                                  {pd product} {ergonomic}

Logging:
Log output configuration:
 #0: stdout all=warning uptime,level,tags
 #1: stderr all=off uptime,level,tags

Environment Variables:
JAVA_HOME=C:\Program Files\Eclipse Adoptium\jdk-17.0.9.9-hotspot\
PATH=C:\Users\Michele\bin;C:\Program Files\Git\mingw64\bin;C:\Program Files\Git\usr\local\bin;C:\Program Files\Git\usr\bin;C:\Program Files\Git\usr\bin;C:\Program Files\Git\mingw64\bin;C:\Program Files\Git\usr\bin;C:\Users\Michele\bin;C:\Program Files\Common Files\Oracle\Java\javapath;C:\Program Files\Eclipse Adoptium\jdk-17.0.9.9-hotspot\bin;C:\Program Files\Eclipse Foundation\jdk-8.0.302.8-hotspot\bin;C:\Program Files (x86)\Common Files\Oracle\Java\javapath;C:\EasyPHP-DevServer-14.1VC11\binaries\php\php_runningversion;C:\Program Files (x86)\EasyPHP-DevServer-14.1VC11\binaries\php\php_runningversion;C:\WINDOWS\system32;C:\WINDOWS;C:\WINDOWS\System32\Wbem;C:\WINDOWS\System32\WindowsPowerShell\v1.0;C:\WINDOWS\System32\OpenSSH;C:\Program Files\dotnet;C:\Program Files\Microsoft SQL Server\130\Tools\Binn;C:\Program Files\Git\cmd;C:\Program Files\nodejs;C:\Program Files\Microsoft SQL Server\Client SDK\ODBC\170\Tools\Binn;C:\Users\Michele\mingw64\bin;C:\Program Files (x86)\Intel\Intel(R) Management Engine Components\DAL;C:\Program Files\Intel\Intel(R) Management Engine Components\DAL;C:\Program Files (x86)\Windows Kits\10\Windows Performance Toolkit;C:\Program Files\PuTTY;C:\Users\Michele\AppData\Local\Microsoft\WindowsApps;C:\Users\Michele\AppData\Local\Programs\Microsoft VS Code\bin;C:\Users\Michele\.dotnet\tools;C:\Users\Michele\AppData\Roaming\npm;C:\Users\Michele\AppData\Local\Microsoft\WindowsApps;C:\Users\Michele\AppData\Local\GitHubDesktop\bin;C:\Users\Michele\.dotnet\tools;C:\Program Files\Java\jdk-17.0.12\bin;C:\Program Files\Git\usr\bin\vendor_perl;C:\Program Files\Git\usr\bin\core_perl
USERNAME=Michele
SHELL=C:\Program Files\Git\usr\bin\bash.exe
DISPLAY=needs-to-be-defined
LANG=en_US.UTF-8
OS=Windows_NT
PROCESSOR_IDENTIFIER=Intel64 Family 6 Model 142 Stepping 10, GenuineIntel



---------------  S Y S T E M  ---------------

OS:
 Windows 11 , 64 bit Build 22621 (10.0.22621.4391)
OS uptime: 0 days 0:06 hours

CPU: total 8 (initial active 8) (4 cores per cpu, 2 threads per core) family 6 model 142 stepping 10 microcode 0xf0, cx8, cmov, fxsr, ht, mmx, 3dnowpref, sse, sse2, sse3, ssse3, sse4.1, sse4.2, popcnt, lzcnt, tsc, tscinvbit, avx, avx2, aes, erms, clmul, bmi1, bmi2, adx, fma, vzeroupper, clflush, clflushopt

Memory: 4k page, system-wide physical 8089M (533M free)
TotalPageFile size 16178M (AvailPageFile size 6974M)
current process WorkingSet (physical memory assigned to process): 43M, peak: 43M
current process commit charge ("private bytes"): 213M, peak: 213M

vm_info: Java HotSpot(TM) 64-Bit Server VM (17.0.12+8-LTS-286) for windows-amd64 JRE (17.0.12+8-LTS-286), built on Jun  5 2024 06:46:59 by "mach5one" with MS VC++ 17.6 (VS2022)

END.
